<?xml version="1.0" encoding="UTF-8"?>
<!-- Generated by org.testng.reporters.JUnitXMLReporter -->
<testsuite ignored="0" hostname="LTIN180682" failures="0" tests="27" name="Test" time="66.21" errors="0" timestamp="2024-03-27T12:05:05 IST">
  <testcase classname="testScenarios.EndToEnd" name="isBookShelvesButtonPresent" time="0.369"/>
  <testcase classname="testScenarios.EndToEnd" name="verifyBookshelvesPage" time="7.793"/>
  <testcase classname="testScenarios.EndToEnd" name="handlePopup" time="0.201"/>
  <testcase classname="testScenarios.EndToEnd" name="isPriceFilterPresent" time="0.052"/>
  <testcase classname="testScenarios.EndToEnd" name="isStorageTypeFilterPresent" time="0.031"/>
  <testcase classname="testScenarios.EndToEnd" name="isBrandFilterPresent" time="0.031"/>
  <testcase classname="testScenarios.EndToEnd" name="isOutOfStockCheckboxPresent" time="0.039"/>
  <testcase classname="testScenarios.EndToEnd" name="isPriceFilterHoverable" time="0.223"/>
  <testcase classname="testScenarios.EndToEnd" name="isStorageTypeFilterHoverable" time="0.211"/>
  <testcase classname="testScenarios.EndToEnd" name="setPriceSlider" time="0.647"/>
  <testcase classname="testScenarios.EndToEnd" name="setStorageType" time="0.253"/>
  <testcase classname="testScenarios.EndToEnd" name="checkOutOfStock" time="0.08"/>
  <testcase classname="testScenarios.EndToEnd" name="displayBookshelvesDetails" time="7.39"/>
  <testcase classname="testScenarios.EndToEnd" name="isHomeDecorMenuPresent" time="5.571"/>
  <testcase classname="testScenarios.EndToEnd" name="getHomeDecorSubMenuItems" time="0.648"/>
  <testcase classname="testScenarios.EndToEnd" name="validateGiftCardButton" time="0.192"/>
  <testcase classname="testScenarios.EndToEnd" name="navigateToGiftCardsPage" time="5.495"/>
  <testcase classname="testScenarios.EndToEnd" name="verifyBirthdayCardIsDisplayed" time="0.076"/>
  <testcase classname="testScenarios.EndToEnd" name="giftCardCustomization" time="0.885"/>
  <testcase classname="testScenarios.EndToEnd" name="enterRecipientDetailsDDT" time="0.475"/>
  <testcase classname="testScenarios.EndToEnd" name="enterSenderDetailsDDT" time="1.134"/>
  <testcase classname="testScenarios.EndToEnd" name="enterSenderDetailsDDT" time="1.074"/>
  <testcase classname="testScenarios.EndToEnd" name="enterSenderDetailsDDT" time="0.905"/>
  <testcase classname="testScenarios.EndToEnd" name="enterSenderDetailsDDT" time="1.066"/>
  <testcase classname="testScenarios.EndToEnd" name="enterSenderDetailsDDT" time="1.017"/>
  <testcase classname="testScenarios.EndToEnd" name="enterSenderDetailsDDT" time="1.143"/>
  <testcase classname="testScenarios.EndToEnd" name="enterSenderDetailsDDT" time="1.136"/>
</testsuite> <!-- Test -->
